<?xml version="1.0" encoding="UTF-8"?>
<testng-results skipped="0" failed="0" ignored="0" total="1" passed="1">
  <reporter-output>
  </reporter-output>
  <suite name="Suite" duration-ms="49" started-at="2022-03-20T16:52:30 IST" finished-at="2022-03-20T16:52:30 IST">
    <groups>
    </groups>
    <test name="Test" duration-ms="49" started-at="2022-03-20T16:52:30 IST" finished-at="2022-03-20T16:52:30 IST">
      <class name="paralleltesting.ClassC">
        <test-method status="PASS" signature="printParameter(java.lang.String)[pri:0, instance:paralleltesting.ClassC@6b57696f]" name="printParameter" duration-ms="9" started-at="2022-03-20T16:52:30 IST" finished-at="2022-03-20T16:52:30 IST">
          <params>
            <param index="0">
              <value>
                <![CDATA[Yogendra]]>
              </value>
            </param>
          </params>
          <reporter-output>
          </reporter-output>
        </test-method> <!-- printParameter -->
      </class> <!-- paralleltesting.ClassC -->
    </test> <!-- Test -->
  </suite> <!-- Suite -->
</testng-results>
